[2026-04-10T01:05:23Z] === ENRICH ITERATION 1 START | repo=pyca/cryptography sha=91d72889 ===
[2026-04-10T01:05:23Z] [iter=1] PHASE START: enrich repo=pyca/cryptography sha=91d72889 runlog=/home/runner/work/forx/forx/storage/aggregate/lsp/logs/91d72889-enrich-iter-001.log output=/home/runner/work/forx/forx/storage/aggregate/lsp/91d728897bdad30cd5c79a2b23e207f1f050d587.nq.gz
[2026-04-10T01:05:46Z] [iter=1] Step 1: Loading AST into disk-backed store mem_mb=78 MB
[2026-04-10T01:06:17Z] [iter=1] AST store loaded triples=3592077 load_secs=30 mem_mb=925 MB
[2026-04-10T01:06:17Z] [iter=1] Step 2: Finding LSP targets mem_mb=925 MB
[2026-04-10T01:06:28Z] [iter=1] LSP targets found call_sites=33387 imports=1367 extends=152 implements=54 secs=10
[2026-04-10T01:06:36Z] [iter=1] Step 2.7: Building position index (one-shot, shared across resolvers) mem_mb=925 MB
[2026-04-10T01:06:58Z] [iter=1] Position index built positions=236862 nodes_with_types=312145 secs=22 mem_mb=925 MB
[2026-04-10T01:06:58Z] [iter=1] Step 3: Starting LSP resolution mem_mb=925 MB already_completed_types=[] already_completed_files=0
[2026-04-10T01:06:58Z] [iter=1] Resolving target type target_type=call_site count=33387
[2026-04-10T01:06:59Z] [iter=1] HEARTBEAT target_type=call_site elapsed_min=1.6 files_done=0 resolved=0 errors=0 current=tests/hazmat/primitives/test_kbkdf.py
[2026-04-10T01:07:48Z] [iter=1] HEARTBEAT target_type=call_site elapsed_min=2.4 files_done=1 resolved=18 errors=34 current=tests/x509/test_x509_ext.py
[2026-04-10T01:16:08Z] [iter=1] HEARTBEAT target_type=call_site elapsed_min=10.7 files_done=2 resolved=687 errors=371 current=tests/hazmat/primitives/test_ec.py
[2026-04-10T01:23:03Z] [iter=1] HEARTBEAT target_type=call_site elapsed_min=17.7 files_done=3 resolved=811 errors=664 current=tests/hazmat/primitives/test_pkcs7.py
[2026-04-10T01:27:57Z] [iter=1] HEARTBEAT target_type=call_site elapsed_min=22.6 files_done=4 resolved=868 errors=872 current=tests/hazmat/primitives/test_ssh.py
[2026-04-10T01:34:44Z] [iter=1] HEARTBEAT target_type=call_site elapsed_min=29.4 files_done=5 resolved=983 errors=1157 current=tests/x509/test_x509_crlbuilder.py
[2026-04-10T01:36:46Z] [iter=1] HEARTBEAT target_type=call_site elapsed_min=31.4 files_done=6 resolved=1089 errors=1242 current=tests/test_meta.py
[2026-04-10T01:44:52Z] [iter=1] HEARTBEAT target_type=call_site elapsed_min=39.5 files_done=9 resolved=1203 errors=1582 current=tests/x509/verification/test_verification.py
[2026-04-10T01:47:27Z] [iter=1] HEARTBEAT target_type=call_site elapsed_min=42.1 files_done=10 resolved=1229 errors=1691 current=tests/x509/test_x509.py
[2026-04-10T02:05:07Z] [iter=1] HEARTBEAT target_type=call_site elapsed_min=59.7 files_done=11 resolved=1902 errors=2422 current=tests/hazmat/primitives/test_sm4.py
[2026-04-10T02:05:55Z] [iter=1] HEARTBEAT target_type=call_site elapsed_min=60.5 files_done=12 resolved=1936 errors=2456 current=src/cryptography/x509/extensions.py
[2026-04-10T02:07:36Z] [iter=1] HEARTBEAT target_type=call_site elapsed_min=62.2 files_done=13 resolved=2260 errors=2526 current=src/cryptography/hazmat/primitives/serialization/ssh.py
[2026-04-10T02:16:22Z] [iter=1] HEARTBEAT target_type=call_site elapsed_min=71.0 files_done=14 resolved=2433 errors=2896 current=src/cryptography/x509/name.py
[2026-04-10T02:17:40Z] [iter=1] HEARTBEAT target_type=call_site elapsed_min=72.3 files_done=15 resolved=2493 errors=2950 current=tests/hazmat/primitives/decrepit/test_3des.py
[2026-04-10T02:24:28Z] [iter=1] HEARTBEAT target_type=call_site elapsed_min=79.1 files_done=17 resolved=2724 errors=3235 current=.github/bin/merge_rust_coverage.py
[2026-04-10T02:25:53Z] [iter=1] HEARTBEAT target_type=call_site elapsed_min=80.5 files_done=19 resolved=2766 errors=3294 current=tests/hazmat/primitives/test_hash_vectors.py
[2026-04-10T02:26:53Z] [iter=1] HEARTBEAT target_type=call_site elapsed_min=81.5 files_done=20 resolved=2791 errors=3336 current=docs/_ext/linkcode_res.py
[2026-04-10T02:27:38Z] [iter=1] HEARTBEAT target_type=call_site elapsed_min=82.2 files_done=23 resolved=2808 errors=3367 current=tests/hazmat/primitives/test_dsa.py
[2026-04-10T02:31:09Z] [iter=1] HEARTBEAT target_type=call_site elapsed_min=85.8 files_done=24 resolved=2848 errors=3514 current=tests/hazmat/primitives/fixtures_rsa.py
[2026-04-10T02:35:03Z] [iter=1] HEARTBEAT target_type=call_site elapsed_min=89.7 files_done=26 resolved=2953 errors=3679 current=tests/utils.py
[2026-04-10T02:42:56Z] [iter=1] HEARTBEAT target_type=call_site elapsed_min=97.5 files_done=27 resolved=3038 errors=4013 current=tests/hazmat/primitives/test_aead.py
[2026-04-10T02:47:27Z] [iter=1] HEARTBEAT target_type=call_site elapsed_min=102.1 files_done=28 resolved=3182 errors=4203 current=src/cryptography/hazmat/primitives/asymmetric/padding.py
[2026-04-10T02:51:29Z] [iter=1] HEARTBEAT target_type=call_site elapsed_min=106.1 files_done=30 resolved=3321 errors=4372 current=src/cryptography/hazmat/primitives/_serialization.py
[2026-04-10T02:52:26Z] [iter=1] HEARTBEAT target_type=call_site elapsed_min=107.0 files_done=32 resolved=3390 errors=4412 current=tests/x509/verification/test_limbo.py
[2026-04-10T02:53:43Z] [iter=1] HEARTBEAT target_type=call_site elapsed_min=108.3 files_done=34 resolved=3728 errors=4465 current=src/cryptography/hazmat/primitives/serialization/pkcs7.py
[2026-04-10T02:54:41Z] [iter=1] HEARTBEAT target_type=call_site elapsed_min=109.3 files_done=35 resolved=3785 errors=4506 current=tests/hazmat/primitives/fixtures_dsa.py
[2026-04-10T02:56:46Z] [iter=1] HEARTBEAT target_type=call_site elapsed_min=111.4 files_done=37 resolved=3848 errors=4594 current=src/cryptography/hazmat/decrepit/ciphers/algorithms.py
[2026-04-10T02:57:32Z] [iter=1] HEARTBEAT target_type=call_site elapsed_min=112.1 files_done=40 resolved=3880 errors=4626 current=tests/hazmat/primitives/utils.py
[2026-04-10T03:00:44Z] [iter=1] HEARTBEAT target_type=call_site elapsed_min=115.3 files_done=41 resolved=3947 errors=4761 current=tests/wycheproof/test_eddsa.py
[2026-04-10T03:01:59Z] [iter=1] HEARTBEAT target_type=call_site elapsed_min=116.6 files_done=43 resolved=3977 errors=4814 current=docs/development/custom-vectors/idea/generate_idea.py
[2026-04-10T03:02:39Z] [iter=1] HEARTBEAT target_type=call_site elapsed_min=117.3 files_done=44 resolved=3983 errors=4842 current=tests/hazmat/primitives/test_x448.py
[2026-04-10T03:03:34Z] [iter=1] HEARTBEAT target_type=call_site elapsed_min=118.2 files_done=45 resolved=4006 errors=4881 current=tests/hazmat/primitives/test_serialization.py
[2026-04-10T03:09:47Z] [iter=1] HEARTBEAT target_type=call_site elapsed_min=124.4 files_done=46 resolved=4163 errors=5143 current=tests/hazmat/primitives/test_pkcs12.py
[2026-04-10T03:12:47Z] [iter=1] HEARTBEAT target_type=call_site elapsed_min=127.4 files_done=47 resolved=4272 errors=5269 current=tests/hazmat/primitives/fixtures_ec.py
[2026-04-10T03:13:42Z] [iter=1] HEARTBEAT target_type=call_site elapsed_min=128.3 files_done=49 resolved=4334 errors=5308 current=tests/wycheproof/test_rsa.py
[2026-04-10T03:14:20Z] [iter=1] HEARTBEAT target_type=call_site elapsed_min=128.9 files_done=50 resolved=4366 errors=5334 current=src/cryptography/hazmat/bindings/openssl/binding.py
[2026-04-10T03:14:58Z] [iter=1] HEARTBEAT target_type=call_site elapsed_min=129.6 files_done=53 resolved=4379 errors=5361 current=src/cryptography/hazmat/primitives/hashes.py
[2026-04-10T03:16:12Z] [iter=1] HEARTBEAT target_type=call_site elapsed_min=130.8 files_done=55 resolved=4412 errors=5413 current=src/cryptography/x509/base.py
[2026-04-10T03:17:16Z] [iter=1] HEARTBEAT target_type=call_site elapsed_min=131.9 files_done=56 resolved=4521 errors=5458 current=tests/hazmat/primitives/test_keywrap.py
[2026-04-10T03:18:02Z] [iter=1] HEARTBEAT target_type=call_site elapsed_min=132.6 files_done=58 resolved=4553 errors=5490 current=noxfile.py
[2026-04-10T03:19:24Z] [iter=1] HEARTBEAT target_type=call_site elapsed_min=134.0 files_done=59 resolved=4580 errors=5548 current=src/cryptography/hazmat/primitives/kdf/kbkdf.py
[2026-04-10T03:20:06Z] [iter=1] HEARTBEAT target_type=call_site elapsed_min=134.7 files_done=60 resolved=4610 errors=5578 current=tests/hazmat/primitives/test_ciphers.py
[2026-04-10T03:21:02Z] [iter=1] HEARTBEAT target_type=call_site elapsed_min=135.6 files_done=61 resolved=4647 errors=5617 current=src/cryptography/hazmat/primitives/kdf/scrypt.py
[2026-04-10T03:22:31Z] [iter=1] HEARTBEAT target_type=call_site elapsed_min=137.1 files_done=63 resolved=4651 errors=5680 current=src/cryptography/hazmat/primitives/ciphers/modes.py
[2026-04-10T03:23:32Z] [iter=1] HEARTBEAT target_type=call_site elapsed_min=138.1 files_done=65 resolved=4673 errors=5720 current=tests/hazmat/primitives/test_ed25519.py
[2026-04-10T03:24:47Z] [iter=1] HEARTBEAT target_type=call_site elapsed_min=139.4 files_done=66 resolved=4696 errors=5771 current=tests/wycheproof/test_aes.py
[2026-04-10T03:25:34Z] [iter=1] HEARTBEAT target_type=call_site elapsed_min=140.2 files_done=67 resolved=4727 errors=5804 current=tests/wycheproof/test_ecdh.py
[2026-04-10T03:26:24Z] [iter=1] HEARTBEAT target_type=call_site elapsed_min=141.0 files_done=70 resolved=4750 errors=5839 current=tests/bench/test_x509.py
[2026-04-10T03:28:27Z] [iter=1] HEARTBEAT target_type=call_site elapsed_min=143.1 files_done=72 resolved=4803 errors=5925 current=src/cryptography/x509/ocsp.py
[2026-04-10T03:29:03Z] [iter=1] HEARTBEAT target_type=call_site elapsed_min=143.7 files_done=73 resolved=4859 errors=5950 current=tests/x509/test_x509_revokedcertbuilder.py
[2026-04-10T03:29:53Z] [iter=1] HEARTBEAT target_type=call_site elapsed_min=144.5 files_done=75 resolved=4906 errors=5985 current=tests/hazmat/primitives/test_block.py
[2026-04-10T03:30:49Z] [iter=1] HEARTBEAT target_type=call_site elapsed_min=145.4 files_done=76 resolved=4921 errors=6024 current=src/cryptography/hazmat/primitives/twofactor/totp.py
[2026-04-10T03:32:35Z] [iter=1] HEARTBEAT target_type=call_site elapsed_min=147.2 files_done=80 resolved=4960 errors=6099 current=src/cryptography/x509/general_name.py
[2026-04-10T03:33:42Z] [iter=1] HEARTBEAT target_type=call_site elapsed_min=148.3 files_done=84 resolved=5032 errors=6146 current=src/cryptography/hazmat/primitives/keywrap.py
[2026-04-10T03:34:36Z] [iter=1] HEARTBEAT target_type=call_site elapsed_min=149.2 files_done=85 resolved=5074 errors=6184 current=tests/hazmat/primitives/test_x25519.py
[2026-04-10T03:35:47Z] [iter=1] HEARTBEAT target_type=call_site elapsed_min=150.4 files_done=86 resolved=5100 errors=6234 current=tests/wycheproof/test_chacha20poly1305.py
[2026-04-10T03:37:02Z] [iter=1] HEARTBEAT target_type=call_site elapsed_min=151.6 files_done=88 resolved=5114 errors=6287 current=src/cryptography/fernet.py
[2026-04-10T03:38:08Z] [iter=1] HEARTBEAT target_type=call_site elapsed_min=152.8 files_done=89 resolved=5137 errors=6334 current=docs/development/custom-vectors/secp256k1/generate_secp256k1.py
[2026-04-10T03:38:44Z] [iter=1] HEARTBEAT target_type=call_site elapsed_min=153.4 files_done=91 resolved=5156 errors=6359 current=tests/conftest.py
[2026-04-10T03:39:27Z] [iter=1] HEARTBEAT target_type=call_site elapsed_min=154.1 files_done=93 resolved=5170 errors=6389 current=tests/x509/test_name.py
[2026-04-10T03:40:14Z] [iter=1] HEARTBEAT target_type=call_site elapsed_min=154.8 files_done=96 resolved=5193 errors=6422 current=src/cryptography/hazmat/primitives/kdf/hkdf.py
[2026-04-10T03:41:21Z] [iter=1] HEARTBEAT target_type=call_site elapsed_min=156.0 files_done=100 resolved=5215 errors=6469 current=src/_cffi_src/utils.py
[2026-04-10T03:41:58Z] [iter=1] HEARTBEAT target_type=call_site elapsed_min=156.6 files_done=102 resolved=5243 errors=6495 current=tests/hazmat/primitives/test_camellia.py
[2026-04-10T03:42:40Z] [iter=1] HEARTBEAT target_type=call_site elapsed_min=157.3 files_done=104 resolved=5266 errors=6525 current=tests/hazmat/primitives/test_pbkdf2hmac_vectors.py
[2026-04-10T03:43:17Z] [iter=1] HEARTBEAT target_type=call_site elapsed_min=157.9 files_done=107 resolved=5279 errors=6551 current=src/cryptography/hazmat/primitives/kdf/concatkdf.py
[2026-04-10T03:43:58Z] [iter=1] HEARTBEAT target_type=call_site elapsed_min=158.6 files_done=109 resolved=5282 errors=6580 current=tests/hazmat/primitives/test_scrypt.py
[2026-04-10T03:45:01Z] [iter=1] HEARTBEAT target_type=call_site elapsed_min=159.6 files_done=112 resolved=5305 errors=6624 current=src/cryptography/hazmat/primitives/asymmetric/rsa.py
[2026-04-10T03:45:38Z] [iter=1] HEARTBEAT target_type=call_site elapsed_min=160.2 files_done=118 resolved=5356 errors=6650 current=tests/hazmat/primitives/test_argon2.py
[2026-04-10T03:46:33Z] [iter=1] HEARTBEAT target_type=call_site elapsed_min=161.2 files_done=120 resolved=5383 errors=6688 current=tests/hazmat/primitives/test_hashes.py
[2026-04-10T03:47:15Z] [iter=1] HEARTBEAT target_type=call_site elapsed_min=161.9 files_done=121 resolved=5387 errors=6718 current=src/cryptography/hazmat/primitives/asymmetric/types.py
[2026-04-10T03:47:48Z] [iter=1] HEARTBEAT target_type=call_site elapsed_min=162.4 files_done=124 resolved=5391 errors=6741 current=docs/development/custom-vectors/secp256k1/verify_secp256k1.py
[2026-04-10T03:48:25Z] [iter=1] HEARTBEAT target_type=call_site elapsed_min=163.0 files_done=128 resolved=5441 errors=6767 current=tests/wycheproof/test_pbkdf2.py
[2026-04-10T03:48:59Z] [iter=1] HEARTBEAT target_type=call_site elapsed_min=163.6 files_done=131 resolved=5447 errors=6791 current=docs/conf.py
[2026-04-10T03:49:48Z] [iter=1] HEARTBEAT target_type=call_site elapsed_min=164.4 files_done=137 resolved=5481 errors=6824 current=src/cryptography/hazmat/primitives/kdf/x963kdf.py
[2026-04-10T03:50:22Z] [iter=1] HEARTBEAT target_type=call_site elapsed_min=165.0 files_done=141 resolved=5491 errors=6848 current=tests/test_warnings.py
[2026-04-10T03:50:54Z] [iter=1] HEARTBEAT target_type=call_site elapsed_min=165.5 files_done=145 resolved=5518 errors=6870 current=tests/wycheproof/utils.py
[2026-04-10T03:51:25Z] [iter=1] HEARTBEAT target_type=call_site elapsed_min=166.0 files_done=149 resolved=5538 errors=6892 current=tests/bench/test_hmac.py
[2026-04-10T03:51:59Z] [iter=1] HEARTBEAT target_type=call_site elapsed_min=166.6 files_done=155 resolved=5552 errors=6916 current=src/cryptography/hazmat/primitives/_cipheralgorithm.py
[2026-04-10T03:52:32Z] [iter=1] HEARTBEAT target_type=call_site elapsed_min=167.1 files_done=170 resolved=5573 errors=6936 current=docs/development/custom-vectors/rsa-oaep-sha2/VerifyRSAOAEPSHA2.java
[2026-04-10T03:54:58Z] [iter=1] HEARTBEAT target_type=call_site elapsed_min=169.6 files_done=171 resolved=5589 errors=7026 current=src/rust/src/backend/ed448.rs
[2026-04-10T03:55:31Z] [iter=1] HEARTBEAT target_type=call_site elapsed_min=170.1 files_done=172 resolved=5618 errors=7041 current=src/rust/build.rs
[2026-04-10T04:00:40Z] [iter=1] HEARTBEAT target_type=call_site elapsed_min=175.3 files_done=174 resolved=5785 errors=7257 current=src/rust/src/x509/common.rs
[2026-04-10T04:06:40Z] [iter=1] HEARTBEAT target_type=call_site elapsed_min=181.3 files_done=175 resolved=5909 errors=7511 current=src/rust/src/backend/dh.rs
[2026-04-10T04:09:36Z] [iter=1] HEARTBEAT target_type=call_site elapsed_min=184.2 files_done=176 resolved=6019 errors=7636 current=src/rust/cryptography-x509-verification/src/policy/mod.rs
[2026-04-10T04:12:44Z] [iter=1] HEARTBEAT target_type=call_site elapsed_min=187.4 files_done=177 resolved=6186 errors=7769 current=src/rust/cryptography-x509-verification/src/policy/extension.rs
[2026-04-10T04:16:01Z] [iter=1] HEARTBEAT target_type=call_site elapsed_min=190.6 files_done=178 resolved=6302 errors=7909 current=src/rust/src/backend/utils.rs
[2026-04-10T04:20:04Z] [iter=1] HEARTBEAT target_type=call_site elapsed_min=194.7 files_done=179 resolved=6397 errors=8082 current=src/rust/src/backend/kdf.rs
[2026-04-10T04:21:51Z] [iter=1] HEARTBEAT target_type=call_site elapsed_min=196.5 files_done=180 resolved=6470 errors=8158 current=src/rust/src/backend/cipher_registry.rs
[2026-04-10T04:25:01Z] [iter=1] HEARTBEAT target_type=call_site elapsed_min=199.6 files_done=181 resolved=6638 errors=8293 current=src/rust/src/x509/crl.rs
[2026-04-10T04:28:58Z] [iter=1] HEARTBEAT target_type=call_site elapsed_min=203.6 files_done=182 resolved=6790 errors=8461 current=src/rust/src/backend/aead.rs
[2026-04-10T04:33:39Z] [iter=1] HEARTBEAT target_type=call_site elapsed_min=208.3 files_done=183 resolved=6923 errors=8661 current=src/rust/cryptography-x509/src/extensions.rs
[2026-04-10T04:40:18Z] [iter=1] HEARTBEAT target_type=call_site elapsed_min=214.9 files_done=185 resolved=7133 errors=8944 current=src/rust/src/buf.rs
[2026-04-10T04:43:46Z] [iter=1] HEARTBEAT target_type=call_site elapsed_min=218.4 files_done=187 resolved=7216 errors=9092 current=src/rust/src/x509/extensions.rs
[2026-04-10T04:49:57Z] [iter=1] HEARTBEAT target_type=call_site elapsed_min=224.6 files_done=188 resolved=7444 errors=9356 current=src/rust/src/x509/sign.rs
[2026-04-10T04:53:58Z] [iter=1] HEARTBEAT target_type=call_site elapsed_min=228.6 files_done=189 resolved=7613 errors=9527 current=src/rust/cryptography-key-parsing/src/pkcs8.rs
[2026-04-10T04:55:06Z] [iter=1] HEARTBEAT target_type=call_site elapsed_min=229.7 files_done=190 resolved=7694 errors=9575 current=src/rust/src/backend/rsa.rs
[2026-04-10T05:00:50Z] [iter=1] HEARTBEAT target_type=call_site elapsed_min=235.5 files_done=191 resolved=7921 errors=9820 current=src/rust/src/error.rs
[2026-04-10T05:02:02Z] [iter=1] HEARTBEAT target_type=call_site elapsed_min=236.6 files_done=192 resolved=7979 errors=9871 current=src/rust/src/x509/ocsp_resp.rs
[2026-04-10T05:05:24Z] [iter=1] CHECKPOINT TRIGGERED elapsed_min=240.0 files_completed=192 new_files_this_iter=192 mem_mb=925 MB
[2026-04-10T05:05:24Z] [iter=1] Writing partial enrichment graph path=/home/runner/work/forx/forx/storage/aggregate/lsp/91d728897bdad30cd5c79a2b23e207f1f050d587.nq.gz triples=122939
[2026-04-10T05:05:26Z] [iter=1] Checkpoint written, exiting with code 7
[2026-04-10T05:05:26Z] [iter=1] PHASE END: enrich (checkpointed) elapsed_s=14401 elapsed_min=240.0 files_completed=192
